<?xml version="1.0" encoding="UTF-8" ?>
<!DOCTYPE mapper PUBLIC "-//mybatis.org//DTD Mapper 3.0//EN" "http://mybatis.org/dtd/mybatis-3-mapper.dtd">
<mapper namespace="com.jarntang.kotlin.dao.HelloDao">

    <resultMap id="UserMap" type="com.jarntang.kotlin.dao.Test" >
        <id column="id" property="id" jdbcType="BIGINT"/>
        <result column="name" property="name" jdbcType="VARCHAR" />
        <result column="title" property="title" jdbcType="VARCHAR" />
    </resultMap>

    <select id="findById" parameterType="java.lang.Long" resultMap="UserMap">
        select * from test where id = #{id}
    </select>

</mapper>